INFO [04-22|17:51:35.276] Maximum peer count                       ETH=25 LES=0 total=25
INFO [04-22|17:51:35.301] Starting peer-to-peer node               instance=Geth/v1.8.26-stable/darwin-amd64/go1.12.3
INFO [04-22|17:51:35.301] Allocated cache and file handles         database=/Users/shokei-takanashi/projects/private/eth/eth_private_net2/geth/chaindata cache=512 handles=5120
INFO [04-22|17:51:35.338] Writing default main-net genesis block 
INFO [04-22|17:51:35.928] Persisted trie from memory database      nodes=12356 size=1.88mB time=126.313761ms gcnodes=0 gcsize=0.00B gctime=0s livenodes=1 livesize=0.00B
INFO [04-22|17:51:35.929] Initialised chain configuration          config="{ChainID: 1 Homestead: 1150000 DAO: 1920000 DAOSupport: true EIP150: 2463000 EIP155: 2675000 EIP158: 2675000 Byzantium: 4370000 Constantinople: 7280000  ConstantinopleFix: 7280000 Engine: ethash}"
INFO [04-22|17:51:35.929] Disk storage enabled for ethash caches   dir=/Users/shokei-takanashi/projects/private/eth/eth_private_net2/geth/ethash count=3
INFO [04-22|17:51:35.929] Disk storage enabled for ethash DAGs     dir=/Users/shokei-takanashi/.ethash                                           count=2
INFO [04-22|17:51:35.929] Initialising Ethereum protocol           versions="[63 62]" network=10
INFO [04-22|17:51:35.956] Loaded most recent local header          number=0 hash=d4e567…cb8fa3 td=17179869184 age=50y1w1d
INFO [04-22|17:51:35.956] Loaded most recent local full block      number=0 hash=d4e567…cb8fa3 td=17179869184 age=50y1w1d
INFO [04-22|17:51:35.956] Loaded most recent local fast block      number=0 hash=d4e567…cb8fa3 td=17179869184 age=50y1w1d
INFO [04-22|17:51:35.957] Regenerated local transaction journal    transactions=0 accounts=0
Fatal: Error starting protocol stack: listen tcp :30303: bind: address already in use
INFO [04-22|17:51:54.702] Maximum peer count                       ETH=25 LES=0 total=25
INFO [04-22|17:51:54.741] Starting peer-to-peer node               instance=Geth/v1.8.26-stable/darwin-amd64/go1.12.3
INFO [04-22|17:51:54.741] Allocated cache and file handles         database=/Users/shokei-takanashi/projects/private/eth/eth_private_net2/geth/chaindata cache=512 handles=5120
INFO [04-22|17:51:54.857] Initialised chain configuration          config="{ChainID: 1 Homestead: 1150000 DAO: 1920000 DAOSupport: true EIP150: 2463000 EIP155: 2675000 EIP158: 2675000 Byzantium: 4370000 Constantinople: 7280000  ConstantinopleFix: 7280000 Engine: ethash}"
INFO [04-22|17:51:54.857] Disk storage enabled for ethash caches   dir=/Users/shokei-takanashi/projects/private/eth/eth_private_net2/geth/ethash count=3
INFO [04-22|17:51:54.857] Disk storage enabled for ethash DAGs     dir=/Users/shokei-takanashi/.ethash                                           count=2
INFO [04-22|17:51:54.857] Initialising Ethereum protocol           versions="[63 62]" network=10
INFO [04-22|17:51:54.959] Loaded most recent local header          number=0 hash=d4e567…cb8fa3 td=17179869184 age=50y1w1d
INFO [04-22|17:51:54.959] Loaded most recent local full block      number=0 hash=d4e567…cb8fa3 td=17179869184 age=50y1w1d
INFO [04-22|17:51:54.959] Loaded most recent local fast block      number=0 hash=d4e567…cb8fa3 td=17179869184 age=50y1w1d
INFO [04-22|17:51:54.959] Loaded local transaction journal         transactions=0 dropped=0
INFO [04-22|17:51:54.960] Regenerated local transaction journal    transactions=0 accounts=0
Fatal: Error starting protocol stack: listen tcp :30303: bind: address already in use
